C51 COMPILER V9.60.0.0   IIC                                                               11/11/2023 11:43:49 PAGE 1   


C51 COMPILER V9.60.0.0, COMPILATION OF MODULE IIC
OBJECT MODULE PLACED IN .\Objects\iic.obj
COMPILER INVOKED BY: C:\Keil_v5\C51\BIN\C51.EXE ..\Driver\iic.c OPTIMIZE(8,SPEED) BROWSE INCDIR(..\Driver) DEBUG OBJECTE
                    -XTEND PRINT(.\Listings\iic.lst) TABS(2) OBJECT(.\Objects\iic.obj)

line level    source

   1          /*  #   I2C代码片段说明
   2            1.  本文件夹中提供的驱动代码供参赛选手完成程序设计参考。
   3            2.  参赛选手可以自行编写相关代码或以该代码为基础，根据所选单片机类型、运行速度和试题
   4              中对单片机时钟频率的要求，进行代码调试和修改。
   5          */
   6          #include <STC15F2K60S2.H>
   7          #include <INTRINS.H>
   8          #include <IIC.H>
   9          
  10          #define scl P20
  11          #define sda P21
  12          #define DELAY_TIME  5
  13          
  14          //
  15          static void I2C_Delay(unsigned char n)
  16          {
  17   1          do
  18   1          {
  19   2              _nop_();_nop_();_nop_();_nop_();_nop_();
  20   2              _nop_();_nop_();_nop_();_nop_();_nop_();
  21   2              _nop_();_nop_();_nop_();_nop_();_nop_();    
  22   2          }
  23   1          while(n--);       
  24   1      }
  25          
  26          //
  27          void I2CStart()
  28          {
  29   1          sda = 1;
  30   1          scl = 1;
  31   1        I2C_Delay(DELAY_TIME);
  32   1          sda = 0;
  33   1        I2C_Delay(DELAY_TIME);
  34   1          scl = 0;    
  35   1      }
  36          
  37          //
  38          void I2CStop()
  39          {
  40   1          sda = 0;
  41   1          scl = 1;
  42   1        I2C_Delay(DELAY_TIME);
  43   1          sda = 1;
  44   1        I2C_Delay(DELAY_TIME);
  45   1      }
  46          
  47          //
  48          void I2CSendByte(unsigned char byt)
  49          {
  50   1          unsigned char i;
  51   1        
  52   1          for(i=0; i<8; i++){
  53   2              scl = 0;
  54   2          I2C_Delay(DELAY_TIME);
C51 COMPILER V9.60.0.0   IIC                                                               11/11/2023 11:43:49 PAGE 2   

  55   2              if(byt & 0x80){
  56   3                  sda = 1;
  57   3              }
  58   2              else{
  59   3                  sda = 0;
  60   3              }
  61   2          I2C_Delay(DELAY_TIME);
  62   2              scl = 1;
  63   2              byt <<= 1;
  64   2          I2C_Delay(DELAY_TIME);
  65   2          }
  66   1        
  67   1          scl = 0;  
  68   1      }
  69          
  70          //
  71          unsigned char I2CReceiveByte()
  72          {
  73   1        unsigned char da;
  74   1        unsigned char i;
  75   1        for(i=0;i<8;i++){   
  76   2          scl = 1;
  77   2          I2C_Delay(DELAY_TIME);
  78   2          da <<= 1;
  79   2          if(sda) 
  80   2            da |= 0x01;
  81   2          scl = 0;
  82   2          I2C_Delay(DELAY_TIME);
  83   2        }
  84   1        return da;    
  85   1      }
  86          
  87          //
  88          unsigned char I2CWaitAck()
  89          {
  90   1        unsigned char ackbit;
  91   1        
  92   1          scl = 1;
  93   1        I2C_Delay(DELAY_TIME);
  94   1          ackbit = sda; 
  95   1          scl = 0;
  96   1        I2C_Delay(DELAY_TIME);
  97   1        
  98   1        return ackbit;
  99   1      }
 100          
 101          //
 102          void I2CSendAck(unsigned char ackbit)
 103          {
 104   1          scl = 0;
 105   1          sda = ackbit; 
 106   1        I2C_Delay(DELAY_TIME);
 107   1          scl = 1;
 108   1        I2C_Delay(DELAY_TIME);
 109   1          scl = 0; 
 110   1        sda = 1;
 111   1        I2C_Delay(DELAY_TIME);
 112   1      }
 113          


MODULE INFORMATION:   STATIC OVERLAYABLE
C51 COMPILER V9.60.0.0   IIC                                                               11/11/2023 11:43:49 PAGE 3   

   CODE SIZE        =    186    ----
   CONSTANT SIZE    =   ----    ----
   XDATA SIZE       =   ----    ----
   PDATA SIZE       =   ----    ----
   DATA SIZE        =   ----    ----
   IDATA SIZE       =   ----    ----
   BIT SIZE         =   ----    ----
END OF MODULE INFORMATION.


C51 COMPILATION COMPLETE.  0 WARNING(S),  0 ERROR(S)
