C51 COMPILER V9.60.0.0   MAIN                                                              11/11/2023 11:43:48 PAGE 1   


C51 COMPILER V9.60.0.0, COMPILATION OF MODULE MAIN
OBJECT MODULE PLACED IN .\Objects\main.obj
COMPILER INVOKED BY: C:\Keil_v5\C51\BIN\C51.EXE main.c OPTIMIZE(8,SPEED) BROWSE INCDIR(..\Driver) DEBUG OBJECTEXTEND PRI
                    -NT(.\Listings\main.lst) TABS(2) OBJECT(.\Objects\main.obj)

line level    source

   1          /* 头文件区 */
   2          #include <STC15F2K60S2.H>
   3          #include <INIT.H>
   4          #include <SEG.H>
   5          #include <AT24C02.H>
   6          
   7          /* 变量区 */
   8          unsigned char Seg_Pos;
   9          unsigned char Seg_Buf[8] = {10, 10, 10, 10, 10, 10, 10, 10};
  10          unsigned char addr, dat;
  11          
  12          /* 定时器0初始化函数 */
  13          void Timer0_Init()    //1毫秒@12.000MHz
  14          {
  15   1        AUXR &= 0x7F;     //定时器时钟12T模式
  16   1        TMOD &= 0xF0;     //设置定时器模式
  17   1        TL0 = 0x18;       //设置定时初始值
  18   1        TH0 = 0xFC;       //设置定时初始值
  19   1        TF0 = 0;        //清除TF0标志
  20   1        TR0 = 1;        //定时器0开始计时
  21   1        ET0 = 1;        //使能定时器0中断
  22   1        EA = 1;
  23   1      }
  24          
  25          
  26          /* 定时器0中断服务函数*/
  27          void Timer0_Isr() interrupt 1 
  28          {
  29   1        if ( ++ Seg_Pos == 8) Seg_Pos = 0;
  30   1        Seg_Disp(Seg_Pos, Seg_Buf[Seg_Pos], 0);
  31   1        
  32   1        
  33   1      }
  34          
  35          /* Main */
  36          void main() 
  37          {
  38   1        Sys_Init();
  39   1        Timer0_Init();
  40   1        addr = 0x00;
  41   1        dat = At24c02_Byte_Read(addr);
  42   1        At24c02_Byte_Write(addr, dat + 1);
  43   1        Seg_Buf[5] = (dat / 100) % 10;
  44   1        Seg_Buf[6] = (dat / 10) % 10;
  45   1        Seg_Buf[7] = dat % 10;
  46   1        while (1) 
  47   1        {
  48   2          ;
  49   2        }
  50   1      }


MODULE INFORMATION:   STATIC OVERLAYABLE
   CODE SIZE        =    169    ----
C51 COMPILER V9.60.0.0   MAIN                                                              11/11/2023 11:43:48 PAGE 2   

   CONSTANT SIZE    =   ----    ----
   XDATA SIZE       =   ----    ----
   PDATA SIZE       =   ----    ----
   DATA SIZE        =     11    ----
   IDATA SIZE       =   ----    ----
   BIT SIZE         =   ----    ----
END OF MODULE INFORMATION.


C51 COMPILATION COMPLETE.  0 WARNING(S),  0 ERROR(S)
