C51 COMPILER V9.60.0.0   MAIN                                                              11/12/2023 15:18:45 PAGE 1   


C51 COMPILER V9.60.0.0, COMPILATION OF MODULE MAIN
OBJECT MODULE PLACED IN .\Objects\main.obj
COMPILER INVOKED BY: C:\Keil_v5\C51\BIN\C51.EXE main.c OPTIMIZE(8,SPEED) BROWSE DEBUG OBJECTEXTEND PRINT(.\Listings\main
                    -.lst) TABS(2) OBJECT(.\Objects\main.obj)

line level    source

   1          #include <STC15F2K60S2.H>
   2          #include <INTRINS.H>
   3          
   4          void HC138(unsigned char channel)
   5          {
   6   1        switch (channel)
   7   1        {
   8   2          case 0:
   9   2            P2 = (P2 & 0x1F);
  10   2            break;
  11   2          case 4:
  12   2            P2 = (P2 & 0x1F) | 0x80;
  13   2            break;
  14   2          case 5:
  15   2            P2 = (P2 & 0x1F) | 0xA0;
  16   2            break;
  17   2          case 6:
  18   2            P2 = (P2 & 0x1F) | 0xC0;
  19   2            break;
  20   2          case 7:
  21   2            P2 = (P2 & 0x1F) | 0xE0;
  22   2            break;
  23   2        }
  24   1      }
  25          
  26          void Sys_Init()
  27          {
  28   1        HC138(0);
  29   1        P0 = 0xFF;
  30   1        HC138(4);
  31   1        HC138(0);
  32   1        P0 = 0x00;
  33   1        HC138(5);
  34   1        HC138(0);
  35   1      }
  36          
  37          void Delay500ms()   //@12.000MHz
  38          {
  39   1        unsigned char data i, j, k;
  40   1      
  41   1        _nop_();
  42   1        _nop_();
  43   1        i = 23;
  44   1        j = 205;
  45   1        k = 120;
  46   1        do
  47   1        {
  48   2          do
  49   2          {
  50   3            while (--k);
  51   3          } while (--j);
  52   2        } while (--i);
  53   1      }
  54          
C51 COMPILER V9.60.0.0   MAIN                                                              11/12/2023 15:18:45 PAGE 2   

  55          
  56          void LED()
  57          {
  58   1        unsigned char i;
  59   1        HC138(4);
  60   1        for (i = 0; i < 8; i ++ )
  61   1        {
  62   2          P0 = ~(1 << i);
  63   2          Delay500ms();
  64   2        }
  65   1      }
  66          
  67          void main()
  68          {
  69   1        Sys_Init();
  70   1        while(1)
  71   1        {
  72   2          LED();
  73   2        }
  74   1      }


MODULE INFORMATION:   STATIC OVERLAYABLE
   CODE SIZE        =    150    ----
   CONSTANT SIZE    =   ----    ----
   XDATA SIZE       =   ----    ----
   PDATA SIZE       =   ----    ----
   DATA SIZE        =   ----    ----
   IDATA SIZE       =   ----    ----
   BIT SIZE         =   ----    ----
END OF MODULE INFORMATION.


C51 COMPILATION COMPLETE.  0 WARNING(S),  0 ERROR(S)
