C51 COMPILER V9.60.0.0   __________________                                                10/08/2023 18:43:39 PAGE 1   


C51 COMPILER V9.60.0.0, COMPILATION OF MODULE __________________
OBJECT MODULE PLACED IN .\Objects\∂® ±∆˜ µœ÷√Î…¡π¶ƒ‹.obj
COMPILER INVOKED BY: C:\Keil_v5\C51\BIN\C51.EXE ∂® ±∆˜ µœ÷√Î…¡π¶ƒ‹.c OPTIMIZE(8,SPEED) BROWSE DEBUG OBJECTEXTEND PRINT(.
                    -\Listings\∂® ±∆˜ µœ÷√Î…¡π¶ƒ‹.lst) TABS(2) OBJECT(.\Objects\∂® ±∆˜ µœ÷√Î…¡π¶ƒ‹.obj)

line level    source

   1          #include <reg52.h>
   2          #define uint unsigned int
   3          #define uchar unsigned char
   4          
   5          sbit L1 = P0 ^ 0;
   6          sbit L8 = P0 ^ 7;
   7          
   8          void HC138(uchar channel)
   9          {
  10   1        switch(channel)
  11   1        {
  12   2          case 4:
  13   2            P2 = (P2 & 0x1f) | 0x80;
  14   2          break;
  15   2          case 5:
  16   2            P2 = (P2 & 0x1f) | 0xa0;
  17   2          break;
  18   2          case 6:
  19   2            P2 = (P2 & 0x1f) | 0xc0;
  20   2          break;
  21   2          case 7:
  22   2            P2 = (P2 & 0x1f) | 0xe0;
  23   2          break;
  24   2        }
  25   1      }
  26          
  27          void InitTimer0()
  28          {
  29   1        TMOD = 0x01;
  30   1        TH0 = (65535 - 50000) / 256;
  31   1        TL0 = (65535 - 50000) % 256;
  32   1        
  33   1        ET0 = 1;
  34   1        EA = 1;
  35   1        TR0 = 1;
  36   1      }
  37          
  38          uchar count = 0;
  39          void ServiceTImer0() interrupt 1
  40          {
  41   1        // Ê≤°ÊúâËá™Âä®ÈáçË£ÖÂäüËÉΩÔºåÈúÄË¶ÅÈáçÊñ∞ÂÜôÂÖ•ËÆ°Êï∞ÂàùÂÄº
  42   1        TH0 = (65535 - 50000) / 256;
  43   1        TL0 = (65535 - 50000) % 256;
  44   1        
  45   1        count ++ ;
  46   1        if (count % 10 == 0)
  47   1        {
  48   2          L1 = ~L1;
  49   2        }
  50   1        
  51   1        if (count == 100)
  52   1        {
  53   2          L8 = ~L8;
  54   2          count = 0;
C51 COMPILER V9.60.0.0   __________________                                                10/08/2023 18:43:39 PAGE 2   

  55   2        }
  56   1      }
  57          
  58          void main()
  59          {
  60   1        HC138(4);
  61   1        InitTimer0();
  62   1        while(1)
  63   1        {
  64   2          
  65   2        }
  66   1      }


MODULE INFORMATION:   STATIC OVERLAYABLE
   CODE SIZE        =    120    ----
   CONSTANT SIZE    =   ----    ----
   XDATA SIZE       =   ----    ----
   PDATA SIZE       =   ----    ----
   DATA SIZE        =      1    ----
   IDATA SIZE       =   ----    ----
   BIT SIZE         =   ----    ----
END OF MODULE INFORMATION.


C51 COMPILATION COMPLETE.  0 WARNING(S),  0 ERROR(S)
