C51 COMPILER V9.60.0.0   INIT                                                              10/31/2023 21:57:44 PAGE 1   


C51 COMPILER V9.60.0.0, COMPILATION OF MODULE INIT
OBJECT MODULE PLACED IN .\Objects\Init.obj
COMPILER INVOKED BY: C:\Keil_v5\C51\BIN\C51.EXE ..\Driver\Init.c OPTIMIZE(8,SPEED) BROWSE INCDIR(..\Driver) DEBUG OBJECT
                    -EXTEND PRINT(.\Listings\Init.lst) TABS(2) OBJECT(.\Objects\Init.obj)

line level    source

   1          #include <INIT.H>
   2          
   3          unsigned char HC138(unsigned char channel)
   4          {
   5   1        switch(channel)
   6   1        {
   7   2          case 0:
   8   2            P2 = (P2 & 0x1f);
   9   2          break;
  10   2          case 4:
  11   2            P2 = (P2 & 0x1F) | 0x80;
  12   2          break;
  13   2          case 5:
  14   2            P2 = (P2 & 0x1F) | 0xA0;
  15   2          break;
  16   2          case 6:
  17   2            P2 = (P2 & 0x1F) | 0xC0;
  18   2          break;
  19   2          case 7:
  20   2            P2 = (P2 & 0x1F) | 0xE0;
  21   2          break;
  22   2        }
  23   1      }
*** WARNING C173 IN LINE 23 OF ..\Driver\Init.c: missing return-expression
  24          
  25          void Sys_Init() 
  26          {
  27   1        // ¹Ø±ÕLED
  28   1        HC138(4);
  29   1        P0 = 0xFF;
  30   1        HC138(0);
  31   1        // ¹Ø±Õ·äÃùÆ÷Óë¼ÌµçÆ÷
  32   1        HC138(5);
  33   1        P0 = 0x00;
  34   1        HC138(0);
  35   1      }
  36          
*** WARNING C290 IN LINE 23 OF ..\Driver\Init.c: missing return value


MODULE INFORMATION:   STATIC OVERLAYABLE
   CODE SIZE        =     83    ----
   CONSTANT SIZE    =   ----    ----
   XDATA SIZE       =   ----    ----
   PDATA SIZE       =   ----    ----
   DATA SIZE        =   ----    ----
   IDATA SIZE       =   ----    ----
   BIT SIZE         =   ----    ----
END OF MODULE INFORMATION.


C51 COMPILATION COMPLETE.  2 WARNING(S),  0 ERROR(S)
