C51 COMPILER V9.60.0.0   KEY                                                               10/27/2023 22:36:17 PAGE 1   


C51 COMPILER V9.60.0.0, COMPILATION OF MODULE KEY
OBJECT MODULE PLACED IN .\Objects\Key.obj
COMPILER INVOKED BY: C:\Keil_v5\C51\BIN\C51.EXE ..\Driver\Key.c OPTIMIZE(8,SPEED) BROWSE INCDIR(..\Driver) DEBUG OBJECTE
                    -XTEND PRINT(.\Listings\Key.lst) TABS(2) OBJECT(.\Objects\Key.obj)

line level    source

   1          #include <KEY.H>
   2          
   3          unsigned char Key_Read(unsigned char f) {
   4   1        unsigned char tmp = 0;
   5   1        P44 = 0, P42 = 1, P35 = 1, P34 = 1;
   6   1        if (P33 == 0) tmp = 4;
   7   1        if (P32 == 0) tmp = 5;
   8   1        if (P31 == 0) tmp = 6;
   9   1        if (P30 == 0) tmp = 7;
  10   1        if (f) 
  11   1        {
  12   2          P44 = 1, P42 = 0, P35 = 1, P34 = 1;
  13   2          if (P33 == 0) tmp = 8;
  14   2          if (P32 == 0) tmp = 9;
  15   2          if (P31 == 0) tmp = 10;
  16   2          if (P30 == 0) tmp = 11;
  17   2          P44 = 1, P42 = 1, P35 = 0, P34 = 1;
  18   2          if (P33 == 0) tmp = 12;
  19   2          if (P32 == 0) tmp = 13;
  20   2          if (P31 == 0) tmp = 14;
  21   2          if (P30 == 0) tmp = 15;
  22   2          P44 = 1, P42 = 1, P35 = 1, P34 = 0;
  23   2          if (P33 == 0) tmp = 16;
  24   2          if (P32 == 0) tmp = 17;
  25   2          if (P31 == 0) tmp = 18;
  26   2          if (P30 == 0) tmp = 19;
  27   2        }
  28   1        return tmp;
  29   1      }


MODULE INFORMATION:   STATIC OVERLAYABLE
   CODE SIZE        =    120    ----
   CONSTANT SIZE    =   ----    ----
   XDATA SIZE       =   ----    ----
   PDATA SIZE       =   ----    ----
   DATA SIZE        =   ----    ----
   IDATA SIZE       =   ----    ----
   BIT SIZE         =   ----    ----
END OF MODULE INFORMATION.


C51 COMPILATION COMPLETE.  0 WARNING(S),  0 ERROR(S)
